# JRE version: Java(TM) SE Runtime Environment (8.0_65-b17) (build 1.8.0_65-b17)
# Java VM: Java HotSpot(TM) 64-Bit Server VM (25.65-b01 mixed mode bsd-amd64 compressed oops)
Heap:
 PSYoungGen      total 636928K, used 274279K [0x000000076ab00000, 0x0000000799880000, 0x00000007c0000000)
  eden space 608256K, 40% used [0x000000076ab00000,0x0000000779b46938,0x000000078fd00000)
  from space 28672K, 98% used [0x0000000797c80000,0x0000000799813450,0x0000000799880000)
  to   space 47616K, 0% used [0x0000000793b80000,0x0000000793b80000,0x0000000796a00000)
 ParOldGen       total 321024K, used 68153K [0x00000006c0000000, 0x00000006d3980000, 0x000000076ab00000)
  object space 321024K, 21% used [0x00000006c0000000,0x00000006c428e628,0x00000006d3980000)
 Metaspace       used 83772K, capacity 85262K, committed 85336K, reserved 1124352K
  class space    used 10220K, capacity 10576K, committed 10624K, reserved 1048576K
GC Heap History (10 events):
Event: 11.847 GC heap before
{Heap before GC invocations=13 (full 3):
 PSYoungGen      total 529408K, used 499200K [0x000000076ab00000, 0x0000000792180000, 0x00000007c0000000)
  eden space 499200K, 100% used [0x000000076ab00000,0x0000000789280000,0x0000000789280000)
  from space 30208K, 0% used [0x0000000789280000,0x0000000789280000,0x000000078b000000)
  to   space 34304K, 0% used [0x0000000790000000,0x0000000790000000,0x0000000792180000)
 ParOldGen       total 321024K, used 64360K [0x00000006c0000000, 0x00000006d3980000, 0x000000076ab00000)
  object space 321024K, 20% used [0x00000006c0000000,0x00000006c3eda290,0x00000006d3980000)
 Metaspace       used 64097K, capacity 65128K, committed 65496K, reserved 1105920K
  class space    used 7835K, capacity 8077K, committed 8192K, reserved 1048576K
Event: 11.866 GC heap after
Heap after GC invocations=13 (full 3):
 PSYoungGen      total 588800K, used 24058K [0x000000076ab00000, 0x0000000791780000, 0x00000007c0000000)
  eden space 564736K, 0% used [0x000000076ab00000,0x000000076ab00000,0x000000078d280000)
  from space 24064K, 99% used [0x0000000790000000,0x000000079177eb88,0x0000000791780000)
  to   space 34816K, 0% used [0x000000078d380000,0x000000078d380000,0x000000078f580000)
 ParOldGen       total 321024K, used 64368K [0x00000006c0000000, 0x00000006d3980000, 0x000000076ab00000)
  object space 321024K, 20% used [0x00000006c0000000,0x00000006c3edc290,0x00000006d3980000)
 Metaspace       used 64097K, capacity 65128K, committed 65496K, reserved 1105920K
  class space    used 7835K, capacity 8077K, committed 8192K, reserved 1048576K
}
Event: 14.390 GC heap before
{Heap before GC invocations=14 (full 3):
 PSYoungGen      total 588800K, used 588794K [0x000000076ab00000, 0x0000000791780000, 0x00000007c0000000)
  eden space 564736K, 100% used [0x000000076ab00000,0x000000078d280000,0x000000078d280000)
  from space 24064K, 99% used [0x0000000790000000,0x000000079177eb88,0x0000000791780000)
  to   space 34816K, 0% used [0x000000078d380000,0x000000078d380000,0x000000078f580000)
 ParOldGen       total 321024K, used 64368K [0x00000006c0000000, 0x00000006d3980000, 0x000000076ab00000)
  object space 321024K, 20% used [0x00000006c0000000,0x00000006c3edc290,0x00000006d3980000)
 Metaspace       used 67833K, capacity 68864K, committed 69336K, reserved 1110016K
  class space    used 8361K, capacity 8603K, committed 8704K, reserved 1048576K
Event: 14.416 GC heap after
Heap after GC invocations=14 (full 3):
 PSYoungGen      total 600576K, used 32365K [0x000000076ab00000, 0x0000000796180000, 0x00000007c0000000)
  eden space 565760K, 0% used [0x000000076ab00000,0x000000076ab00000,0x000000078d380000)
  from space 34816K, 92% used [0x000000078d380000,0x000000078f31b560,0x000000078f580000)
  to   space 37888K, 0% used [0x0000000793c80000,0x0000000793c80000,0x0000000796180000)
 ParOldGen       total 321024K, used 64376K [0x00000006c0000000, 0x00000006d3980000, 0x000000076ab00000)
  object space 321024K, 20% used [0x00000006c0000000,0x00000006c3ede290,0x00000006d3980000)
 Metaspace       used 67833K, capacity 68864K, committed 69336K, reserved 1110016K
  class space    used 8361K, capacity 8603K, committed 8704K, reserved 1048576K
}
Event: 17.681 GC heap before
{Heap before GC invocations=15 (full 3):
 PSYoungGen      total 600576K, used 598125K [0x000000076ab00000, 0x0000000796180000, 0x00000007c0000000)
  eden space 565760K, 100% used [0x000000076ab00000,0x000000078d380000,0x000000078d380000)
  from space 34816K, 92% used [0x000000078d380000,0x000000078f31b560,0x000000078f580000)
  to   space 37888K, 0% used [0x0000000793c80000,0x0000000793c80000,0x0000000796180000)
 ParOldGen       total 321024K, used 64376K [0x00000006c0000000, 0x00000006d3980000, 0x000000076ab00000)
  object space 321024K, 20% used [0x00000006c0000000,0x00000006c3ede290,0x00000006d3980000)
 Metaspace       used 69359K, capacity 70466K, committed 71000K, reserved 1112064K
  class space    used 8545K, capacity 8806K, committed 8832K, reserved 1048576K
Event: 17.710 GC heap after
Heap after GC invocations=15 (full 3):
 PSYoungGen      total 668672K, used 37880K [0x000000076ab00000, 0x0000000796700000, 0x00000007c0000000)
  eden space 630784K, 0% used [0x000000076ab00000,0x000000076ab00000,0x0000000791300000)
  from space 37888K, 99% used [0x0000000793c80000,0x000000079617e3e0,0x0000000796180000)
  to   space 42496K, 0% used [0x0000000791300000,0x0000000791300000,0x0000000793c80000)
 ParOldGen       total 321024K, used 65064K [0x00000006c0000000, 0x00000006d3980000, 0x000000076ab00000)
  object space 321024K, 20% used [0x00000006c0000000,0x00000006c3f8a268,0x00000006d3980000)
 Metaspace       used 69359K, capacity 70466K, committed 71000K, reserved 1112064K
  class space    used 8545K, capacity 8806K, committed 8832K, reserved 1048576K
}
Event: 76.034 GC heap before
{Heap before GC invocations=16 (full 3):
 PSYoungGen      total 668672K, used 668664K [0x000000076ab00000, 0x0000000796700000, 0x00000007c0000000)
  eden space 630784K, 100% used [0x000000076ab00000,0x0000000791300000,0x0000000791300000)
  from space 37888K, 99% used [0x0000000793c80000,0x000000079617e3e0,0x0000000796180000)
  to   space 42496K, 0% used [0x0000000791300000,0x0000000791300000,0x0000000793c80000)
 ParOldGen       total 321024K, used 65064K [0x00000006c0000000, 0x00000006d3980000, 0x000000076ab00000)
  object space 321024K, 20% used [0x00000006c0000000,0x00000006c3f8a268,0x00000006d3980000)
 Metaspace       used 80151K, capacity 81372K, committed 81752K, reserved 1120256K
  class space    used 10001K, capacity 10301K, committed 10368K, reserved 1048576K
Event: 76.068 GC heap after
Heap after GC invocations=16 (full 3):
 PSYoungGen      total 673280K, used 42478K [0x000000076ab00000, 0x000000079ac80000, 0x00000007c0000000)
  eden space 630784K, 0% used [0x000000076ab00000,0x000000076ab00000,0x0000000791300000)
  from space 42496K, 99% used [0x0000000791300000,0x0000000793c7b888,0x0000000793c80000)
  to   space 49152K, 0% used [0x0000000797c80000,0x0000000797c80000,0x000000079ac80000)
 ParOldGen       total 321024K, used 68137K [0x00000006c0000000, 0x00000006d3980000, 0x000000076ab00000)
  object space 321024K, 21% used [0x00000006c0000000,0x00000006c428a628,0x00000006d3980000)
 Metaspace       used 80151K, capacity 81372K, committed 81752K, reserved 1120256K
  class space    used 10001K, capacity 10301K, committed 10368K, reserved 1048576K
}
Event: 3778.804 GC heap before
{Heap before GC invocations=17 (full 3):
 PSYoungGen      total 673280K, used 673262K [0x000000076ab00000, 0x000000079ac80000, 0x00000007c0000000)
  eden space 630784K, 100% used [0x000000076ab00000,0x0000000791300000,0x0000000791300000)
  from space 42496K, 99% used [0x0000000791300000,0x0000000793c7b888,0x0000000793c80000)
  to   space 49152K, 0% used [0x0000000797c80000,0x0000000797c80000,0x000000079ac80000)
 ParOldGen       total 321024K, used 68137K [0x00000006c0000000, 0x00000006d3980000, 0x000000076ab00000)
  object space 321024K, 21% used [0x00000006c0000000,0x00000006c428a628,0x00000006d3980000)
 Metaspace       used 83497K, capacity 85006K, committed 85080K, reserved 1124352K
  class space    used 10211K, capacity 10576K, committed 10624K, reserved 1048576K
Event: 3778.875 GC heap after
Heap after GC invocations=17 (full 3):
 PSYoungGen      total 636928K, used 28237K [0x000000076ab00000, 0x0000000799880000, 0x00000007c0000000)
  eden space 608256K, 0% used [0x000000076ab00000,0x000000076ab00000,0x000000078fd00000)
  from space 28672K, 98% used [0x0000000797c80000,0x0000000799813450,0x0000000799880000)
  to   space 47616K, 0% used [0x0000000793b80000,0x0000000793b80000,0x0000000796a00000)
 ParOldGen       total 321024K, used 68153K [0x00000006c0000000, 0x00000006d3980000, 0x000000076ab00000)
  object space 321024K, 21% used [0x00000006c0000000,0x00000006c428e628,0x00000006d3980000)
 Metaspace       used 83497K, capacity 85006K, committed 85080K, reserved 1124352K
  class space    used 10211K, capacity 10576K, committed 10624K, reserved 1048576K
}

